<?xml version="1.0" encoding="UTF-8"?>
<!-- Generated by org.testng.reporters.JUnitReportReporter -->
<testsuite hostname="DESKTOP-Q934L8H" failures="0" tests="1" name="com.openCart.testCases.TC_LoginTest_001" time="13.731" errors="0" timestamp="2022-02-16T15:15:14 BDT" skipped="0">
  <testcase classname="com.openCart.testCases.TC_LoginTest_001" name="loginTest" time="13.731"/>
  <system-out/>
</testsuite> <!-- com.openCart.testCases.TC_LoginTest_001 -->
